#
# There is insufficient memory for the Java Runtime Environment to continue.
# Native memory allocation (malloc) failed to allocate 1140320 bytes for Chunk::new
# Possible reasons:
#   The system is out of physical RAM or swap space
#   The process is running with CompressedOops enabled, and the Java Heap may be blocking the growth of the native heap
# Possible solutions:
#   Reduce memory load on the system
#   Increase physical memory or swap space
#   Check if swap backing store is full
#   Decrease Java heap size (-Xmx/-Xms)
#   Decrease number of Java threads
#   Decrease Java thread stack sizes (-Xss)
#   Set larger code cache with -XX:ReservedCodeCacheSize=
#   JVM is running with Unscaled Compressed Oops mode in which the Java heap is
#     placed in the first 4GB address space. The Java Heap base address is the
#     maximum limit for the native heap growth. Please use -XX:HeapBaseMinAddress
#     to set the Java Heap base and to place the Java Heap above 4GB virtual address.
# This output file may be truncated or incomplete.
#
#  Out of Memory Error (arena.cpp:189), pid=22624, tid=20584
#
# JRE version: OpenJDK Runtime Environment (17.0.6) (build 17.0.6+0-b2043.56-9586694)
# Java VM: OpenJDK 64-Bit Server VM (17.0.6+0-b2043.56-9586694, mixed mode, tiered, compressed oops, compressed class ptrs, g1 gc, windows-amd64)
# No core dump will be written. Minidumps are not enabled by default on client versions of Windows
#

---------------  S U M M A R Y ------------

Command Line: --add-opens=java.base/java.util=ALL-UNNAMED --add-opens=java.base/java.lang=ALL-UNNAMED --add-opens=java.base/java.lang.invoke=ALL-UNNAMED --add-opens=java.prefs/java.util.prefs=ALL-UNNAMED --add-opens=java.base/java.nio.charset=ALL-UNNAMED --add-opens=java.base/java.net=ALL-UNNAMED --add-opens=java.base/java.util.concurrent.atomic=ALL-UNNAMED -Xmx2048m -Dfile.encoding=UTF-8 -Duser.country=US -Duser.language=en -Duser.variant org.gradle.launcher.daemon.bootstrap.GradleDaemon 8.0

Host: 11th Gen Intel(R) Core(TM) i7-11800H @ 2.30GHz, 16 cores, 15G,  Windows 11 , 64 bit Build 22621 (10.0.22621.1485)
Time: Wed May 10 17:10:15 2023 West Asia Standard Time elapsed time: 6.517663 seconds (0d 0h 0m 6s)

---------------  T H R E A D  ---------------

Current thread (0x00000211e65f8f90):  JavaThread "C2 CompilerThread3" daemon [_thread_in_native, id=20584, stack(0x000000607e100000,0x000000607e200000)]


Current CompileTask:
C2:   6517 10716       4       org.gradle.api.internal.attributes.DefaultImmutableAttributesFactory::concat (46 bytes)

Stack: [0x000000607e100000,0x000000607e200000]
Native frames: (J=compiled Java code, j=interpreted, Vv=VM code, C=native code)
V  [jvm.dll+0x683b4a]
V  [jvm.dll+0x842654]
V  [jvm.dll+0x843dfe]
V  [jvm.dll+0x844463]
V  [jvm.dll+0x249b75]
V  [jvm.dll+0xabcac]
V  [jvm.dll+0xac27c]
V  [jvm.dll+0x368857]
V  [jvm.dll+0x1bd0b8]
V  [jvm.dll+0x21c359]
V  [jvm.dll+0x21b621]
V  [jvm.dll+0x1a4fdd]
V  [jvm.dll+0x22b098]
V  [jvm.dll+0x229159]
V  [jvm.dll+0x7f809c]
V  [jvm.dll+0x7f25fa]
V  [jvm.dll+0x682985]
C  [ucrtbase.dll+0x29363]
C  [KERNEL32.DLL+0x1269d]
C  [ntdll.dll+0x5a9f8]


---------------  P R O C E S S  ---------------

Threads class SMR info:
_java_thread_list=0x00000211e9f1cbe0, length=226, elements={
0x00000211c56b9220, 0x00000211e0832200, 0x00000211e0832bb0, 0x00000211e08a3400,
0x00000211e08a38d0, 0x00000211e08a4280, 0x00000211e08a6260, 0x00000211e08a7350,
0x00000211e08bd6e0, 0x00000211e08bf200, 0x00000211e0a0a4e0, 0x00000211e0a18290,
0x00000211e0a1bbb0, 0x00000211e0dc9000, 0x00000211e0daf250, 0x00000211e1c8cfb0,
0x00000211e1270970, 0x00000211e3a28660, 0x00000211e37363f0, 0x00000211e359c600,
0x00000211e3acb030, 0x00000211e328a6a0, 0x00000211e400df30, 0x00000211e3c44bb0,
0x00000211e2173850, 0x00000211e2173380, 0x00000211e21729e0, 0x00000211e2173d20,
0x00000211e2171b70, 0x00000211e21741f0, 0x00000211e65f8f90, 0x00000211e2172040,
0x00000211e2172510, 0x00000211e21746c0, 0x00000211e2172eb0, 0x00000211e2170d00,
0x00000211e21711d0, 0x00000211e21716a0, 0x00000211e3d3e8c0, 0x00000211e3d3b3d0,
0x00000211e3d3cbe0, 0x00000211e3d3ed90, 0x00000211e3d3a560, 0x00000211e3d3f730,
0x00000211e3d3d0b0, 0x00000211e3d3aa30, 0x00000211e3d3d580, 0x00000211e3d41db0,
0x00000211e3d3da50, 0x00000211e3d3fc00, 0x00000211e3d3f260, 0x00000211e3d418e0,
0x00000211e3d3df20, 0x00000211e3d3bd70, 0x00000211e3d3c710, 0x00000211e3d400d0,
0x00000211e3d405a0, 0x00000211e3d40f40, 0x00000211e3d41410, 0x00000211e6517040,
0x00000211e65161d0, 0x00000211e65191f0, 0x00000211e6515360, 0x00000211e6518380,
0x00000211e6519b90, 0x00000211e6517eb0, 0x00000211e651a530, 0x00000211e6517510,
0x00000211e6514e90, 0x00000211e65166a0, 0x00000211e6518850, 0x00000211e6518d20,
0x00000211e651aa00, 0x00000211e65149c0, 0x00000211e65179e0, 0x00000211e65196c0,
0x00000211e651a060, 0x00000211e651aed0, 0x00000211e651b3a0, 0x00000211e6515830,
0x00000211e6515d00, 0x00000211e6513b50, 0x00000211e6514020, 0x00000211e6516b70,
0x00000211e65144f0, 0x00000211e7cca890, 0x00000211e7cc6ed0, 0x00000211e7ccbbd0,
0x00000211e7ccc0a0, 0x00000211e7ccb700, 0x00000211e7cc7870, 0x00000211e7ccca40,
0x00000211e7cc7d40, 0x00000211e7ccd3e0, 0x00000211e7ccc570, 0x00000211e7cccf10,
0x00000211e7ccd8b0, 0x00000211e7cc6060, 0x00000211e7cc6a00, 0x00000211e7cc6530,
0x00000211e7cc9ef0, 0x00000211e7cc86e0, 0x00000211e7ccad60, 0x00000211e7cc73a0,
0x00000211e7cc8210, 0x00000211e7cc8bb0, 0x00000211e7cc9080, 0x00000211e7cc9550,
0x00000211e7cc9a20, 0x00000211e7cca3c0, 0x00000211e7ccb230, 0x00000211e7582790,
0x00000211e757edd0, 0x00000211e7584e10, 0x00000211e7580110, 0x00000211e7585c80,
0x00000211e7586620, 0x00000211e7584940, 0x00000211e7580ab0, 0x00000211e7586150,
0x00000211e7580f80, 0x00000211e75805e0, 0x00000211e7581450, 0x00000211e757f2a0,
0x00000211e757f770, 0x00000211e7581920, 0x00000211e75852e0, 0x00000211e757fc40,
0x00000211e75857b0, 0x00000211e7581df0, 0x00000211e7582c60, 0x00000211e7583fa0,
0x00000211e75822c0, 0x00000211e7583130, 0x00000211e7584470, 0x00000211e7583600,
0x00000211e7583ad0, 0x00000211e7801770, 0x00000211e7800dd0, 0x00000211e78042c0,
0x00000211e77fe280, 0x00000211e7800430, 0x00000211e77fddb0, 0x00000211e7800900,
0x00000211e7803920, 0x00000211e7802f80, 0x00000211e77fe750, 0x00000211e7803450,
0x00000211e77fff60, 0x00000211e77fec20, 0x00000211e7801c40, 0x00000211e7803df0,
0x00000211e7804790, 0x00000211e78012a0, 0x00000211e77fcf40, 0x00000211e77fd8e0,
0x00000211e77ff0f0, 0x00000211e7802110, 0x00000211e78025e0, 0x00000211e77fd410,
0x00000211e7802ab0, 0x00000211e77ff5c0, 0x00000211e77ffa90, 0x00000211ea2b8cc0,
0x00000211ea2b3150, 0x00000211ea2ba000, 0x00000211ea2b57d0, 0x00000211ea2b4490,
0x00000211ea2b74b0, 0x00000211ea2b4960, 0x00000211ea2b9b30, 0x00000211ea2b6640,
0x00000211ea2b6b10, 0x00000211ea2b6170, 0x00000211ea2b4e30, 0x00000211ea2b5300,
0x00000211ea2b3620, 0x00000211ea2b7e50, 0x00000211ea2b3af0, 0x00000211ea2b6fe0,
0x00000211ea2b3fc0, 0x00000211ea2b8320, 0x00000211ea2b7980, 0x00000211ea2b87f0,
0x00000211ea2ba4d0, 0x00000211ea2ba9a0, 0x00000211e23e7840, 0x00000211e23ed3b0,
0x00000211e23eca10, 0x00000211e23ecee0, 0x00000211e23e7370, 0x00000211e23ebba0,
0x00000211e23e86b0, 0x00000211e23ec070, 0x00000211e23ead30, 0x00000211e23e8b80,
0x00000211e23edd50, 0x00000211e23ec540, 0x00000211e23e7d10, 0x00000211e23e9050,
0x00000211e23e9520, 0x00000211e23ed880, 0x00000211e23e99f0, 0x00000211e23ee6f0,
0x00000211ea099bb0, 0x00000211ea09a0c0, 0x00000211e1c9f6c0, 0x00000211e1ca0ed0,
0x00000211e1ca1870, 0x00000211e1ca0a00, 0x00000211e1c9f1f0, 0x00000211e1ca3080,
0x00000211e1ca3a20, 0x00000211e1ca1d40, 0x00000211e1c9ed20, 0x00000211e1c9fb90,
0x00000211e1ca0060, 0x00000211e1ca0530, 0x00000211e1ca13a0, 0x00000211e1ca3550,
0x00000211e1ca2210, 0x00000211e1ca26e0, 0x00000211e1ca3ef0, 0x00000211e1ca5230,
0x00000211e1ca2bb0, 0x00000211e1ca43c0
}
_to_delete_list=0x00000211e9f1cbe0
Skipping _to_delete_list fields and contents for safety.
The _java_thread_list has changed from 0x00000211e9f1cbe0 to 0x00000211eb4d70a0 so some of the above information may be stale.

Java Threads: ( => current thread )
  0x00000211c56b9220 JavaThread "main" [_thread_blocked, id=22520, stack(0x000000607ae00000,0x000000607af00000)]
  0x00000211e0832200 JavaThread "Reference Handler" daemon [_thread_blocked, id=14044, stack(0x000000607b500000,0x000000607b600000)]
  0x00000211e0832bb0 JavaThread "Finalizer" daemon [_thread_blocked, id=15192, stack(0x000000607b600000,0x000000607b700000)]
  0x00000211e08a3400 JavaThread "Signal Dispatcher" daemon [_thread_blocked, id=23192, stack(0x000000607b700000,0x000000607b800000)]
  0x00000211e08a38d0 JavaThread "Attach Listener" daemon [_thread_blocked, id=17644, stack(0x000000607b800000,0x000000607b900000)]
  0x00000211e08a4280 JavaThread "Service Thread" daemon [_thread_blocked, id=20120, stack(0x000000607b900000,0x000000607ba00000)]
  0x00000211e08a6260 JavaThread "Monitor Deflation Thread" daemon [_thread_blocked, id=15876, stack(0x000000607ba00000,0x000000607bb00000)]
  0x00000211e08a7350 JavaThread "C2 CompilerThread0" daemon [_thread_in_native, id=13772, stack(0x000000607bb00000,0x000000607bc00000)]
  0x00000211e08bd6e0 JavaThread "C1 CompilerThread0" daemon [_thread_in_native, id=1680, stack(0x000000607bc00000,0x000000607bd00000)]
  0x00000211e08bf200 JavaThread "Sweeper thread" daemon [_thread_blocked, id=18936, stack(0x000000607bd00000,0x000000607be00000)]
  0x00000211e0a0a4e0 JavaThread "C1 CompilerThread1" daemon [_thread_in_native, id=16200, stack(0x000000607be00000,0x000000607bf00000)]
  0x00000211e0a18290 JavaThread "Common-Cleaner" daemon [_thread_blocked, id=23200, stack(0x000000607bf00000,0x000000607c000000)]
  0x00000211e0a1bbb0 JavaThread "Notification Thread" daemon [_thread_blocked, id=19592, stack(0x000000607c000000,0x000000607c100000)]
  0x00000211e0dc9000 JavaThread "C2 CompilerThread1" daemon [_thread_in_native, id=2956, stack(0x000000607c200000,0x000000607c300000)]
  0x00000211e0daf250 JavaThread "C2 CompilerThread2" daemon [_thread_in_native, id=16076, stack(0x000000607c300000,0x000000607c400000)]
  0x00000211e1c8cfb0 JavaThread "C1 CompilerThread2" daemon [_thread_in_vm, id=16280, stack(0x000000607c400000,0x000000607c500000)]
  0x00000211e1270970 JavaThread "C1 CompilerThread3" daemon [_thread_in_vm, id=14056, stack(0x000000607c500000,0x000000607c600000)]
  0x00000211e3a28660 JavaThread "Daemon health stats" [_thread_blocked, id=22404, stack(0x000000607cb00000,0x000000607cc00000)]
  0x00000211e37363f0 JavaThread "Incoming local TCP Connector on port 49453" [_thread_in_native, id=21324, stack(0x000000607cc00000,0x000000607cd00000)]
  0x00000211e359c600 JavaThread "Daemon periodic checks" [_thread_blocked, id=18904, stack(0x000000607cd00000,0x000000607ce00000)]
  0x00000211e3acb030 JavaThread "Daemon" [_thread_blocked, id=12052, stack(0x000000607ce00000,0x000000607cf00000)]
  0x00000211e328a6a0 JavaThread "Handler for socket connection from /127.0.0.1:49453 to /127.0.0.1:49454" [_thread_in_native, id=17988, stack(0x000000607cf00000,0x000000607d000000)]
  0x00000211e400df30 JavaThread "Cancel handler" [_thread_blocked, id=20424, stack(0x000000607d000000,0x000000607d100000)]
  0x00000211e3c44bb0 JavaThread "Daemon worker" [_thread_in_vm, id=15528, stack(0x000000607d100000,0x000000607d200000)]
  0x00000211e2173850 JavaThread "Asynchronous log dispatcher for DefaultDaemonConnection: socket connection from /127.0.0.1:49453 to /127.0.0.1:49454" [_thread_blocked, id=7804, stack(0x000000607d200000,0x000000607d300000)]
  0x00000211e2173380 JavaThread "Stdin handler" [_thread_blocked, id=5088, stack(0x000000607d300000,0x000000607d400000)]
  0x00000211e21729e0 JavaThread "Daemon client event forwarder" [_thread_blocked, id=10852, stack(0x000000607d400000,0x000000607d500000)]
  0x00000211e2173d20 JavaThread "Cache worker for journal cache (C:\Users\DilshodbekMX\.gradle\caches\journal-1)" [_thread_in_native, id=10012, stack(0x000000607de00000,0x000000607df00000)]
  0x00000211e2171b70 JavaThread "File lock request listener" [_thread_in_native, id=9148, stack(0x000000607df00000,0x000000607e000000)]
  0x00000211e21741f0 JavaThread "Cache worker for file hash cache (C:\Users\DilshodbekMX\.gradle\caches\8.0\fileHashes)" [_thread_blocked, id=20596, stack(0x000000607e000000,0x000000607e100000)]
=>0x00000211e65f8f90 JavaThread "C2 CompilerThread3" daemon [_thread_in_native, id=20584, stack(0x000000607e100000,0x000000607e200000)]
  0x00000211e2172040 JavaThread "File watcher server" daemon [_thread_in_native, id=14524, stack(0x000000607e200000,0x000000607e300000)]
  0x00000211e2172510 JavaThread "File watcher consumer" daemon [_thread_blocked, id=4308, stack(0x000000607e300000,0x000000607e400000)]
  0x00000211e21746c0 JavaThread "jar transforms" [_thread_blocked, id=22356, stack(0x000000607e400000,0x000000607e500000)]
  0x00000211e2172eb0 JavaThread "jar transforms Thread 2" [_thread_blocked, id=20916, stack(0x000000607e500000,0x000000607e600000)]
  0x00000211e2170d00 JavaThread "jar transforms Thread 3" [_thread_blocked, id=5124, stack(0x000000607e600000,0x000000607e700000)]
  0x00000211e21711d0 JavaThread "jar transforms Thread 4" [_thread_blocked, id=2176, stack(0x000000607e700000,0x000000607e800000)]
  0x00000211e21716a0 JavaThread "jar transforms Thread 5" [_thread_blocked, id=11200, stack(0x000000607e800000,0x000000607e900000)]
  0x00000211e3d3e8c0 JavaThread "jar transforms Thread 6" [_thread_blocked, id=15284, stack(0x000000607e900000,0x000000607ea00000)]
  0x00000211e3d3b3d0 JavaThread "jar transforms Thread 7" [_thread_blocked, id=21584, stack(0x000000607ea00000,0x000000607eb00000)]
  0x00000211e3d3cbe0 JavaThread "jar transforms Thread 8" [_thread_blocked, id=17908, stack(0x000000607eb00000,0x000000607ec00000)]
  0x00000211e3d3ed90 JavaThread "jar transforms Thread 9" [_thread_blocked, id=21352, stack(0x000000607ec00000,0x000000607ed00000)]
  0x00000211e3d3a560 JavaThread "jar transforms Thread 10" [_thread_blocked, id=19572, stack(0x000000607ed00000,0x000000607ee00000)]
  0x00000211e3d3f730 JavaThread "jar transforms Thread 11" [_thread_blocked, id=8828, stack(0x000000607ee00000,0x000000607ef00000)]
  0x00000211e3d3d0b0 JavaThread "jar transforms Thread 12" [_thread_blocked, id=17692, stack(0x000000607ef00000,0x000000607f000000)]
  0x00000211e3d3aa30 JavaThread "jar transforms Thread 13" [_thread_blocked, id=13216, stack(0x000000607f000000,0x000000607f100000)]
  0x00000211e3d3d580 JavaThread "jar transforms Thread 14" [_thread_blocked, id=5776, stack(0x000000607f100000,0x000000607f200000)]
  0x00000211e3d41db0 JavaThread "jar transforms Thread 15" [_thread_blocked, id=23248, stack(0x000000607f200000,0x000000607f300000)]
  0x00000211e3d3da50 JavaThread "jar transforms Thread 16" [_thread_blocked, id=18440, stack(0x000000607f300000,0x000000607f400000)]
  0x00000211e3d3fc00 JavaThread "Cache worker for checksums cache (C:\Users\DilshodbekMX\AndroidStudioProjects\LiderTrade2\.gradle\8.0\checksums)" [_thread_blocked, id=22612, stack(0x000000607f400000,0x000000607f500000)]
  0x00000211e3d3f260 JavaThread "Cache worker for cache directory md-rule (C:\Users\DilshodbekMX\.gradle\caches\8.0\md-rule)" [_thread_blocked, id=19988, stack(0x000000607f500000,0x000000607f600000)]
  0x00000211e3d418e0 JavaThread "Cache worker for file content cache (C:\Users\DilshodbekMX\.gradle\caches\8.0\fileContent)" [_thread_blocked, id=14188, stack(0x000000607f600000,0x000000607f700000)]
  0x00000211e3d3df20 JavaThread "Cache worker for file hash cache (C:\Users\DilshodbekMX\AndroidStudioProjects\LiderTrade2\.gradle\8.0\fileHashes)" [_thread_blocked, id=15132, stack(0x000000607f700000,0x000000607f800000)]
  0x00000211e3d3bd70 JavaThread "Cache worker for cache directory md-supplier (C:\Users\DilshodbekMX\.gradle\caches\8.0\md-supplier)" [_thread_blocked, id=19296, stack(0x000000607f800000,0x000000607f900000)]
  0x00000211e3d3c710 JavaThread "Cache worker for execution history cache (C:\Users\DilshodbekMX\.gradle\caches\8.0\executionHistory)" [_thread_blocked, id=15100, stack(0x000000607f900000,0x000000607fa00000)]
  0x00000211e3d400d0 JavaThread "Cache worker for dependencies-accessors (C:\Users\DilshodbekMX\AndroidStudioProjects\LiderTrade2\.gradle\8.0\dependencies-accessors)" [_thread_blocked, id=21008, stack(0x000000607fb00000,0x000000607fc00000)]
  0x00000211e3d405a0 JavaThread "Cache worker for Build Output Cleanup Cache (C:\Users\DilshodbekMX\AndroidStudioProjects\LiderTrade2\.gradle\buildOutputCleanup)" [_thread_blocked, id=388, stack(0x000000607fc00000,0x000000607fd00000)]
  0x00000211e3d40f40 JavaThread "Unconstrained build operations" [_thread_blocked, id=23060, stack(0x000000607fd00000,0x000000607fe00000)]
  0x00000211e3d41410 JavaThread "Unconstrained build operations Thread 2" [_thread_blocked, id=21616, stack(0x000000607fe00000,0x000000607ff00000)]
  0x00000211e6517040 JavaThread "Unconstrained build operations Thread 3" [_thread_blocked, id=22456, stack(0x000000607ff00000,0x0000006080000000)]
  0x00000211e65161d0 JavaThread "Unconstrained build operations Thread 4" [_thread_blocked, id=22184, stack(0x0000006000000000,0x0000006000100000)]
  0x00000211e65191f0 JavaThread "Unconstrained build operations Thread 5" [_thread_blocked, id=15448, stack(0x0000006000100000,0x0000006000200000)]
  0x00000211e6515360 JavaThread "Unconstrained build operations Thread 6" [_thread_blocked, id=21016, stack(0x0000006000200000,0x0000006000300000)]
  0x00000211e6518380 JavaThread "Unconstrained build operations Thread 7" [_thread_blocked, id=5968, stack(0x0000006000300000,0x0000006000400000)]
  0x00000211e6519b90 JavaThread "Unconstrained build operations Thread 8" [_thread_blocked, id=23240, stack(0x0000006000400000,0x0000006000500000)]
  0x00000211e6517eb0 JavaThread "Unconstrained build operations Thread 9" [_thread_blocked, id=20300, stack(0x0000006000500000,0x0000006000600000)]
  0x00000211e651a530 JavaThread "Unconstrained build operations Thread 10" [_thread_blocked, id=22312, stack(0x0000006000600000,0x0000006000700000)]
  0x00000211e6517510 JavaThread "Unconstrained build operations Thread 11" [_thread_blocked, id=20944, stack(0x0000006000700000,0x0000006000800000)]
  0x00000211e6514e90 JavaThread "Unconstrained build operations Thread 12" [_thread_blocked, id=11960, stack(0x0000006000800000,0x0000006000900000)]
  0x00000211e65166a0 JavaThread "Unconstrained build operations Thread 13" [_thread_blocked, id=2740, stack(0x0000006000900000,0x0000006000a00000)]
  0x00000211e6518850 JavaThread "Unconstrained build operations Thread 14" [_thread_blocked, id=6752, stack(0x0000006000a00000,0x0000006000b00000)]
  0x00000211e6518d20 JavaThread "Unconstrained build operations Thread 15" [_thread_blocked, id=21536, stack(0x0000006000b00000,0x0000006000c00000)]
  0x00000211e651aa00 JavaThread "Unconstrained build operations Thread 16" [_thread_blocked, id=6588, stack(0x0000006000c00000,0x0000006000d00000)]
  0x00000211e65149c0 JavaThread "Unconstrained build operations Thread 17" [_thread_blocked, id=14292, stack(0x0000006000d00000,0x0000006000e00000)]
  0x00000211e65179e0 JavaThread "Unconstrained build operations Thread 18" [_thread_blocked, id=7008, stack(0x0000006000e00000,0x0000006000f00000)]
  0x00000211e65196c0 JavaThread "Unconstrained build operations Thread 19" [_thread_blocked, id=23228, stack(0x0000006000f00000,0x0000006001000000)]
  0x00000211e651a060 JavaThread "Unconstrained build operations Thread 20" [_thread_blocked, id=19668, stack(0x0000006001000000,0x0000006001100000)]
  0x00000211e651aed0 JavaThread "Unconstrained build operations Thread 21" [_thread_blocked, id=19464, stack(0x0000006001100000,0x0000006001200000)]
  0x00000211e651b3a0 JavaThread "Unconstrained build operations Thread 22" [_thread_blocked, id=1956, stack(0x0000006001200000,0x0000006001300000)]
  0x00000211e6515830 JavaThread "Unconstrained build operations Thread 23" [_thread_blocked, id=20760, stack(0x0000006001300000,0x0000006001400000)]
  0x00000211e6515d00 JavaThread "Unconstrained build operations Thread 24" [_thread_blocked, id=2056, stack(0x0000006001400000,0x0000006001500000)]
  0x00000211e6513b50 JavaThread "Unconstrained build operations Thread 25" [_thread_blocked, id=11600, stack(0x0000006001500000,0x0000006001600000)]
  0x00000211e6514020 JavaThread "Unconstrained build operations Thread 26" [_thread_blocked, id=18800, stack(0x0000006001600000,0x0000006001700000)]
  0x00000211e6516b70 JavaThread "Unconstrained build operations Thread 27" [_thread_blocked, id=22704, stack(0x0000006001700000,0x0000006001800000)]
  0x00000211e65144f0 JavaThread "Unconstrained build operations Thread 28" [_thread_blocked, id=11760, stack(0x0000006001800000,0x0000006001900000)]
  0x00000211e7cca890 JavaThread "Unconstrained build operations Thread 29" [_thread_blocked, id=18236, stack(0x0000006001900000,0x0000006001a00000)]
  0x00000211e7cc6ed0 JavaThread "Unconstrained build operations Thread 30" [_thread_blocked, id=3168, stack(0x0000006001a00000,0x0000006001b00000)]
  0x00000211e7ccbbd0 JavaThread "Unconstrained build operations Thread 31" [_thread_blocked, id=17372, stack(0x0000006001b00000,0x0000006001c00000)]
  0x00000211e7ccc0a0 JavaThread "Unconstrained build operations Thread 32" [_thread_blocked, id=21316, stack(0x0000006001c00000,0x0000006001d00000)]
  0x00000211e7ccb700 JavaThread "Unconstrained build operations Thread 33" [_thread_blocked, id=12940, stack(0x0000006001d00000,0x0000006001e00000)]
  0x00000211e7cc7870 JavaThread "Unconstrained build operations Thread 34" [_thread_blocked, id=13892, stack(0x0000006001e00000,0x0000006001f00000)]
  0x00000211e7ccca40 JavaThread "Unconstrained build operations Thread 35" [_thread_blocked, id=22828, stack(0x0000006001f00000,0x0000006002000000)]
  0x00000211e7cc7d40 JavaThread "Unconstrained build operations Thread 36" [_thread_blocked, id=1836, stack(0x0000006002000000,0x0000006002100000)]
  0x00000211e7ccd3e0 JavaThread "Unconstrained build operations Thread 37" [_thread_blocked, id=11892, stack(0x0000006002100000,0x0000006002200000)]
  0x00000211e7ccc570 JavaThread "Unconstrained build operations Thread 38" [_thread_blocked, id=21608, stack(0x0000006002200000,0x0000006002300000)]
  0x00000211e7cccf10 JavaThread "Unconstrained build operations Thread 39" [_thread_blocked, id=18444, stack(0x0000006002300000,0x0000006002400000)]
  0x00000211e7ccd8b0 JavaThread "Unconstrained build operations Thread 40" [_thread_blocked, id=18624, stack(0x0000006002400000,0x0000006002500000)]
  0x00000211e7cc6060 JavaThread "Unconstrained build operations Thread 41" [_thread_blocked, id=17544, stack(0x0000006002500000,0x0000006002600000)]
  0x00000211e7cc6a00 JavaThread "Unconstrained build operations Thread 42" [_thread_blocked, id=7016, stack(0x0000006002600000,0x0000006002700000)]
  0x00000211e7cc6530 JavaThread "Unconstrained build operations Thread 43" [_thread_blocked, id=18672, stack(0x0000006002700000,0x0000006002800000)]
  0x00000211e7cc9ef0 JavaThread "Unconstrained build operations Thread 44" [_thread_blocked, id=22212, stack(0x0000006002800000,0x0000006002900000)]
  0x00000211e7cc86e0 JavaThread "Unconstrained build operations Thread 45" [_thread_blocked, id=20852, stack(0x0000006002900000,0x0000006002a00000)]
  0x00000211e7ccad60 JavaThread "Unconstrained build operations Thread 46" [_thread_blocked, id=13036, stack(0x0000006002a00000,0x0000006002b00000)]
  0x00000211e7cc73a0 JavaThread "Unconstrained build operations Thread 47" [_thread_blocked, id=18988, stack(0x0000006002b00000,0x0000006002c00000)]
  0x00000211e7cc8210 JavaThread "Unconstrained build operations Thread 48" [_thread_blocked, id=13728, stack(0x0000006002c00000,0x0000006002d00000)]
  0x00000211e7cc8bb0 JavaThread "Unconstrained build operations Thread 49" [_thread_blocked, id=11360, stack(0x0000006002d00000,0x0000006002e00000)]
  0x00000211e7cc9080 JavaThread "Unconstrained build operations Thread 50" [_thread_blocked, id=20024, stack(0x0000006002e00000,0x0000006002f00000)]
  0x00000211e7cc9550 JavaThread "Unconstrained build operations Thread 51" [_thread_blocked, id=22476, stack(0x0000006002f00000,0x0000006003000000)]
  0x00000211e7cc9a20 JavaThread "Unconstrained build operations Thread 52" [_thread_blocked, id=12416, stack(0x0000006003000000,0x0000006003100000)]
  0x00000211e7cca3c0 JavaThread "Unconstrained build operations Thread 53" [_thread_blocked, id=3356, stack(0x0000006003100000,0x0000006003200000)]
  0x00000211e7ccb230 JavaThread "Unconstrained build operations Thread 54" [_thread_blocked, id=11692, stack(0x0000006003200000,0x0000006003300000)]
  0x00000211e7582790 JavaThread "Unconstrained build operations Thread 55" [_thread_blocked, id=15756, stack(0x0000006003300000,0x0000006003400000)]
  0x00000211e757edd0 JavaThread "Unconstrained build operations Thread 56" [_thread_blocked, id=16204, stack(0x0000006003400000,0x0000006003500000)]
  0x00000211e7584e10 JavaThread "Unconstrained build operations Thread 57" [_thread_blocked, id=19964, stack(0x0000006003500000,0x0000006003600000)]
  0x00000211e7580110 JavaThread "Unconstrained build operations Thread 58" [_thread_blocked, id=16520, stack(0x0000006003600000,0x0000006003700000)]
  0x00000211e7585c80 JavaThread "Unconstrained build operations Thread 59" [_thread_blocked, id=16708, stack(0x0000006003700000,0x0000006003800000)]
  0x00000211e7586620 JavaThread "Unconstrained build operations Thread 60" [_thread_blocked, id=22484, stack(0x0000006003800000,0x0000006003900000)]
  0x00000211e7584940 JavaThread "Unconstrained build operations Thread 61" [_thread_blocked, id=11460, stack(0x0000006003900000,0x0000006003a00000)]
  0x00000211e7580ab0 JavaThread "Unconstrained build operations Thread 62" [_thread_blocked, id=3852, stack(0x0000006003a00000,0x0000006003b00000)]
  0x00000211e7586150 JavaThread "Unconstrained build operations Thread 63" [_thread_blocked, id=3532, stack(0x0000006003b00000,0x0000006003c00000)]
  0x00000211e7580f80 JavaThread "Unconstrained build operations Thread 64" [_thread_blocked, id=20964, stack(0x0000006003c00000,0x0000006003d00000)]
  0x00000211e75805e0 JavaThread "Unconstrained build operations Thread 65" [_thread_blocked, id=19880, stack(0x0000006003d00000,0x0000006003e00000)]
  0x00000211e7581450 JavaThread "Unconstrained build operations Thread 66" [_thread_blocked, id=21340, stack(0x0000006003e00000,0x0000006003f00000)]
  0x00000211e757f2a0 JavaThread "Unconstrained build operations Thread 67" [_thread_blocked, id=22728, stack(0x0000006003f00000,0x0000006004000000)]
  0x00000211e757f770 JavaThread "Unconstrained build operations Thread 68" [_thread_blocked, id=20396, stack(0x0000006004000000,0x0000006004100000)]
  0x00000211e7581920 JavaThread "Unconstrained build operations Thread 69" [_thread_blocked, id=14928, stack(0x0000006004100000,0x0000006004200000)]
  0x00000211e75852e0 JavaThread "Unconstrained build operations Thread 70" [_thread_blocked, id=12076, stack(0x0000006004200000,0x0000006004300000)]
  0x00000211e757fc40 JavaThread "Unconstrained build operations Thread 71" [_thread_blocked, id=17200, stack(0x0000006004300000,0x0000006004400000)]
  0x00000211e75857b0 JavaThread "Unconstrained build operations Thread 72" [_thread_blocked, id=1444, stack(0x0000006004400000,0x0000006004500000)]
  0x00000211e7581df0 JavaThread "Unconstrained build operations Thread 73" [_thread_blocked, id=8612, stack(0x0000006004500000,0x0000006004600000)]
  0x00000211e7582c60 JavaThread "Unconstrained build operations Thread 74" [_thread_blocked, id=336, stack(0x0000006004600000,0x0000006004700000)]
  0x00000211e7583fa0 JavaThread "Unconstrained build operations Thread 75" [_thread_blocked, id=3596, stack(0x0000006004700000,0x0000006004800000)]
  0x00000211e75822c0 JavaThread "Unconstrained build operations Thread 76" [_thread_blocked, id=13080, stack(0x0000006004800000,0x0000006004900000)]
  0x00000211e7583130 JavaThread "Unconstrained build operations Thread 77" [_thread_blocked, id=19748, stack(0x0000006004900000,0x0000006004a00000)]
  0x00000211e7584470 JavaThread "Unconstrained build operations Thread 78" [_thread_blocked, id=18772, stack(0x0000006004a00000,0x0000006004b00000)]
  0x00000211e7583600 JavaThread "Unconstrained build operations Thread 79" [_thread_blocked, id=15516, stack(0x0000006004b00000,0x0000006004c00000)]
  0x00000211e7583ad0 JavaThread "Unconstrained build operations Thread 80" [_thread_blocked, id=9568, stack(0x0000006004c00000,0x0000006004d00000)]
  0x00000211e7801770 JavaThread "Unconstrained build operations Thread 81" [_thread_blocked, id=8448, stack(0x0000006004d00000,0x0000006004e00000)]
  0x00000211e7800dd0 JavaThread "Unconstrained build operations Thread 82" [_thread_blocked, id=21368, stack(0x0000006004e00000,0x0000006004f00000)]
  0x00000211e78042c0 JavaThread "Unconstrained build operations Thread 83" [_thread_blocked, id=15872, stack(0x0000006004f00000,0x0000006005000000)]
  0x00000211e77fe280 JavaThread "Unconstrained build operations Thread 84" [_thread_blocked, id=23392, stack(0x0000006005000000,0x0000006005100000)]
  0x00000211e7800430 JavaThread "Unconstrained build operations Thread 85" [_thread_blocked, id=22224, stack(0x0000006005100000,0x0000006005200000)]
  0x00000211e77fddb0 JavaThread "Unconstrained build operations Thread 86" [_thread_blocked, id=192, stack(0x0000006005200000,0x0000006005300000)]
  0x00000211e7800900 JavaThread "Unconstrained build operations Thread 87" [_thread_blocked, id=11832, stack(0x0000006005300000,0x0000006005400000)]
  0x00000211e7803920 JavaThread "Unconstrained build operations Thread 88" [_thread_blocked, id=9744, stack(0x0000006005400000,0x0000006005500000)]
  0x00000211e7802f80 JavaThread "Unconstrained build operations Thread 89" [_thread_blocked, id=20632, stack(0x0000006005500000,0x0000006005600000)]
  0x00000211e77fe750 JavaThread "Unconstrained build operations Thread 90" [_thread_blocked, id=18172, stack(0x0000006005600000,0x0000006005700000)]
  0x00000211e7803450 JavaThread "Unconstrained build operations Thread 91" [_thread_blocked, id=19108, stack(0x0000006005700000,0x0000006005800000)]
  0x00000211e77fff60 JavaThread "Unconstrained build operations Thread 92" [_thread_blocked, id=18516, stack(0x0000006005800000,0x0000006005900000)]
  0x00000211e77fec20 JavaThread "Unconstrained build operations Thread 93" [_thread_blocked, id=1852, stack(0x0000006005900000,0x0000006005a00000)]
  0x00000211e7801c40 JavaThread "Unconstrained build operations Thread 94" [_thread_blocked, id=17420, stack(0x0000006005a00000,0x0000006005b00000)]
  0x00000211e7803df0 JavaThread "Unconstrained build operations Thread 95" [_thread_blocked, id=14740, stack(0x0000006005b00000,0x0000006005c00000)]
  0x00000211e7804790 JavaThread "Unconstrained build operations Thread 96" [_thread_blocked, id=13912, stack(0x0000006005c00000,0x0000006005d00000)]
  0x00000211e78012a0 JavaThread "Unconstrained build operations Thread 97" [_thread_blocked, id=13088, stack(0x0000006005d00000,0x0000006005e00000)]
  0x00000211e77fcf40 JavaThread "Unconstrained build operations Thread 98" [_thread_blocked, id=2068, stack(0x0000006005e00000,0x0000006005f00000)]
  0x00000211e77fd8e0 JavaThread "Unconstrained build operations Thread 99" [_thread_blocked, id=17488, stack(0x0000006005f00000,0x0000006006000000)]
  0x00000211e77ff0f0 JavaThread "Unconstrained build operations Thread 100" [_thread_blocked, id=19892, stack(0x0000006006000000,0x0000006006100000)]
  0x00000211e7802110 JavaThread "Unconstrained build operations Thread 101" [_thread_blocked, id=12628, stack(0x0000006006100000,0x0000006006200000)]
  0x00000211e78025e0 JavaThread "Unconstrained build operations Thread 102" [_thread_blocked, id=12020, stack(0x0000006006200000,0x0000006006300000)]
  0x00000211e77fd410 JavaThread "Unconstrained build operations Thread 103" [_thread_blocked, id=16148, stack(0x0000006006300000,0x0000006006400000)]
  0x00000211e7802ab0 JavaThread "Unconstrained build operations Thread 104" [_thread_blocked, id=3088, stack(0x0000006006400000,0x0000006006500000)]
  0x00000211e77ff5c0 JavaThread "Unconstrained build operations Thread 105" [_thread_blocked, id=14064, stack(0x0000006006500000,0x0000006006600000)]
  0x00000211e77ffa90 JavaThread "Unconstrained build operations Thread 106" [_thread_blocked, id=20740, stack(0x0000006006600000,0x0000006006700000)]
  0x00000211ea2b8cc0 JavaThread "Unconstrained build operations Thread 107" [_thread_blocked, id=17256, stack(0x0000006006700000,0x0000006006800000)]
  0x00000211ea2b3150 JavaThread "Unconstrained build operations Thread 108" [_thread_blocked, id=2268, stack(0x0000006006800000,0x0000006006900000)]
  0x00000211ea2ba000 JavaThread "Unconstrained build operations Thread 109" [_thread_blocked, id=2192, stack(0x0000006006900000,0x0000006006a00000)]
  0x00000211ea2b57d0 JavaThread "Unconstrained build operations Thread 110" [_thread_blocked, id=17204, stack(0x0000006006a00000,0x0000006006b00000)]
  0x00000211ea2b4490 JavaThread "Unconstrained build operations Thread 111" [_thread_blocked, id=8876, stack(0x0000006006b00000,0x0000006006c00000)]
  0x00000211ea2b74b0 JavaThread "Unconstrained build operations Thread 112" [_thread_blocked, id=15952, stack(0x0000006006c00000,0x0000006006d00000)]
  0x00000211ea2b4960 JavaThread "Unconstrained build operations Thread 113" [_thread_blocked, id=22556, stack(0x0000006006d00000,0x0000006006e00000)]
  0x00000211ea2b9b30 JavaThread "Unconstrained build operations Thread 114" [_thread_blocked, id=16716, stack(0x0000006006e00000,0x0000006006f00000)]
  0x00000211ea2b6640 JavaThread "Unconstrained build operations Thread 115" [_thread_blocked, id=11376, stack(0x0000006006f00000,0x0000006007000000)]
  0x00000211ea2b6b10 JavaThread "Unconstrained build operations Thread 116" [_thread_blocked, id=2936, stack(0x0000006007000000,0x0000006007100000)]
  0x00000211ea2b6170 JavaThread "Unconstrained build operations Thread 117" [_thread_blocked, id=14888, stack(0x0000006007100000,0x0000006007200000)]
  0x00000211ea2b4e30 JavaThread "Unconstrained build operations Thread 118" [_thread_blocked, id=20332, stack(0x0000006007200000,0x0000006007300000)]
  0x00000211ea2b5300 JavaThread "Unconstrained build operations Thread 119" [_thread_blocked, id=12348, stack(0x0000006007300000,0x0000006007400000)]
  0x00000211ea2b3620 JavaThread "Unconstrained build operations Thread 120" [_thread_blocked, id=14024, stack(0x0000006007400000,0x0000006007500000)]
  0x00000211ea2b7e50 JavaThread "Unconstrained build operations Thread 121" [_thread_blocked, id=20904, stack(0x0000006007500000,0x0000006007600000)]
  0x00000211ea2b3af0 JavaThread "Unconstrained build operations Thread 122" [_thread_blocked, id=23532, stack(0x0000006007600000,0x0000006007700000)]
  0x00000211ea2b6fe0 JavaThread "Unconstrained build operations Thread 123" [_thread_in_Java, id=4712, stack(0x0000006007700000,0x0000006007800000)]
  0x00000211ea2b3fc0 JavaThread "Unconstrained build operations Thread 124" [_thread_blocked, id=20580, stack(0x0000006007800000,0x0000006007900000)]
  0x00000211ea2b8320 JavaThread "Unconstrained build operations Thread 125" [_thread_blocked, id=12132, stack(0x0000006007900000,0x0000006007a00000)]
  0x00000211ea2b7980 JavaThread "Memory manager" [_thread_blocked, id=7404, stack(0x0000006007a00000,0x0000006007b00000)]
  0x00000211ea2b87f0 JavaThread "pool-3-thread-1" [_thread_blocked, id=14252, stack(0x0000006007d00000,0x0000006007e00000)]
  0x00000211ea2ba4d0 JavaThread "included builds" [_thread_blocked, id=15796, stack(0x0000006007c00000,0x0000006007d00000)]
  0x00000211ea2ba9a0 JavaThread "Execution worker" [_thread_blocked, id=10064, stack(0x0000006007e00000,0x0000006007f00000)]
  0x00000211e23e7840 JavaThread "Execution worker Thread 2" [_thread_blocked, id=14612, stack(0x0000006007f00000,0x0000006008000000)]
  0x00000211e23ed3b0 JavaThread "Execution worker Thread 3" [_thread_blocked, id=20512, stack(0x0000006008000000,0x0000006008100000)]
  0x00000211e23eca10 JavaThread "Execution worker Thread 4" [_thread_blocked, id=9212, stack(0x0000006008100000,0x0000006008200000)]
  0x00000211e23ecee0 JavaThread "Execution worker Thread 5" [_thread_blocked, id=20256, stack(0x0000006008200000,0x0000006008300000)]
  0x00000211e23e7370 JavaThread "Execution worker Thread 6" [_thread_blocked, id=21220, stack(0x0000006008300000,0x0000006008400000)]
  0x00000211e23ebba0 JavaThread "Execution worker Thread 7" [_thread_blocked, id=16868, stack(0x0000006008400000,0x0000006008500000)]
  0x00000211e23e86b0 JavaThread "Execution worker Thread 8" [_thread_blocked, id=15136, stack(0x0000006008500000,0x0000006008600000)]
  0x00000211e23ec070 JavaThread "Execution worker Thread 9" [_thread_blocked, id=7144, stack(0x0000006008600000,0x0000006008700000)]
  0x00000211e23ead30 JavaThread "Execution worker Thread 10" [_thread_blocked, id=15368, stack(0x0000006008700000,0x0000006008800000)]
  0x00000211e23e8b80 JavaThread "Execution worker Thread 11" [_thread_blocked, id=18916, stack(0x0000006008800000,0x0000006008900000)]
  0x00000211e23edd50 JavaThread "Execution worker Thread 12" [_thread_blocked, id=20276, stack(0x0000006008900000,0x0000006008a00000)]
  0x00000211e23ec540 JavaThread "Execution worker Thread 13" [_thread_blocked, id=20708, stack(0x0000006008a00000,0x0000006008b00000)]
  0x00000211e23e7d10 JavaThread "Execution worker Thread 14" [_thread_blocked, id=5752, stack(0x0000006008b00000,0x0000006008c00000)]
  0x00000211e23e9050 JavaThread "Execution worker Thread 15" [_thread_blocked, id=14100, stack(0x0000006008c00000,0x0000006008d00000)]
  0x00000211e23e9520 JavaThread "Cache worker for execution history cache (C:\Users\DilshodbekMX\AndroidStudioProjects\LiderTrade2\.gradle\8.0\executionHistory)" [_thread_blocked, id=17436, stack(0x0000006008d00000,0x0000006008e00000)]
  0x00000211e23ed880 JavaThread "idea-tooling-model-converter" [_thread_blocked, id=5932, stack(0x0000006008e00000,0x0000006008f00000)]
  0x00000211e23e99f0 JavaThread "Unconstrained build operations Thread 126" [_thread_blocked, id=13884, stack(0x0000006009200000,0x0000006009300000)]
  0x00000211e23ee6f0 JavaThread "Unconstrained build operations Thread 127" [_thread_blocked, id=10516, stack(0x0000006009300000,0x0000006009400000)]
  0x00000211ea099bb0 JavaThread "C2 CompilerThread4" daemon [_thread_in_native, id=5660, stack(0x0000006009400000,0x0000006009500000)]
  0x00000211ea09a0c0 JavaThread "C2 CompilerThread5" daemon [_thread_in_native, id=2484, stack(0x0000006009500000,0x0000006009600000)]
  0x00000211e1c9f6c0 JavaThread "Unconstrained build operations Thread 128" [_thread_blocked, id=23344, stack(0x0000006009600000,0x0000006009700000)]
  0x00000211e1ca0ed0 JavaThread "Unconstrained build operations Thread 129" [_thread_blocked, id=22448, stack(0x0000006009700000,0x0000006009800000)]
  0x00000211e1ca1870 JavaThread "Unconstrained build operations Thread 130" [_thread_blocked, id=16740, stack(0x0000006009800000,0x0000006009900000)]
  0x00000211e1ca0a00 JavaThread "Unconstrained build operations Thread 131" [_thread_blocked, id=21228, stack(0x0000006009900000,0x0000006009a00000)]
  0x00000211e1c9f1f0 JavaThread "Unconstrained build operations Thread 132" [_thread_blocked, id=12080, stack(0x0000006009a00000,0x0000006009b00000)]
  0x00000211e1ca3080 JavaThread "Unconstrained build operations Thread 133" [_thread_blocked, id=12976, stack(0x0000006009b00000,0x0000006009c00000)]
  0x00000211e1ca3a20 JavaThread "Unconstrained build operations Thread 134" [_thread_blocked, id=15028, stack(0x0000006009c00000,0x0000006009d00000)]
  0x00000211e1ca1d40 JavaThread "Unconstrained build operations Thread 135" [_thread_blocked, id=18616, stack(0x0000006009d00000,0x0000006009e00000)]
  0x00000211e1c9ed20 JavaThread "Unconstrained build operations Thread 136" [_thread_blocked, id=12892, stack(0x0000006009e00000,0x0000006009f00000)]
  0x00000211e1c9fb90 JavaThread "Unconstrained build operations Thread 137" [_thread_blocked, id=5984, stack(0x0000006009f00000,0x000000600a000000)]
  0x00000211e1ca0060 JavaThread "Unconstrained build operations Thread 138" [_thread_blocked, id=23436, stack(0x000000600a000000,0x000000600a100000)]
  0x00000211e1ca0530 JavaThread "Unconstrained build operations Thread 139" [_thread_blocked, id=12096, stack(0x000000600a100000,0x000000600a200000)]
  0x00000211e1ca13a0 JavaThread "Unconstrained build operations Thread 140" [_thread_blocked, id=9096, stack(0x000000600a200000,0x000000600a300000)]
  0x00000211e1ca3550 JavaThread "Unconstrained build operations Thread 141" [_thread_blocked, id=9308, stack(0x000000600a300000,0x000000600a400000)]
  0x00000211e1ca2210 JavaThread "Unconstrained build operations Thread 142" [_thread_blocked, id=22936, stack(0x000000600a400000,0x000000600a500000)]
  0x00000211e1ca26e0 JavaThread "Unconstrained build operations Thread 143" [_thread_blocked, id=16972, stack(0x000000600a500000,0x000000600a600000)]
  0x00000211e1ca3ef0 JavaThread "Unconstrained build operations Thread 144" [_thread_blocked, id=7776, stack(0x000000600a600000,0x000000600a700000)]
  0x00000211e1ca5230 JavaThread "Unconstrained build operations Thread 145" [_thread_blocked, id=13208, stack(0x000000600a700000,0x000000600a800000)]
  0x00000211e1ca2bb0 JavaThread "Unconstrained build operations Thread 146" [_thread_blocked, id=14644, stack(0x000000600a800000,0x000000600a900000)]
  0x00000211e1ca43c0 JavaThread "Unconstrained build operations Thread 147" [_thread_blocked, id=22696, stack(0x000000600a900000,0x000000600aa00000)]
  0x00000211e1ca5700 JavaThread "Unconstrained build operations Thread 148" [_thread_blocked, id=8000, stack(0x000000600aa00000,0x000000600ab00000)]
  0x00000211e1c9deb0 JavaThread "Unconstrained build operations Thread 149" [_thread_blocked, id=5832, stack(0x000000600ab00000,0x000000600ac00000)]
  0x00000211e1c9e380 JavaThread "Unconstrained build operations Thread 150" [_thread_blocked, id=19888, stack(0x000000600ae00000,0x000000600af00000)]

Other Threads:
  0x00000211dffe1580